Arguments: 
  /Users/ao88404/.nvm/versions/node/v14.15.0/bin/node /usr/local/Cellar/yvm/3.6.1/versions/v1.16.0/bin/yarn.js

PATH: 
  /Users/ao88404/.gem/ruby/2.7.0/bin:/usr/local/opt/helm@2/bin:/usr/local/Cellar/yvm/3.6.1/shim:/Users/ao88404/.nvm/versions/node/v14.15.0/bin:/usr/local/bin:/usr/bin:/bin:/usr/sbin:/sbin:/Users/ao88404/.gem/ruby/2.7.0/bin:/usr/local/opt/helm@2/bin

Yarn version: 
  1.16.0

Node version: 
  14.15.0

Platform: 
  darwin x64

Trace: 
  Error: unable to verify the first certificate
      at TLSSocket.onConnectSecure (_tls_wrap.js:1497:34)
      at TLSSocket.emit (events.js:315:20)
      at TLSSocket._finishInit (_tls_wrap.js:932:8)
      at TLSWrap.ssl.onhandshakedone (_tls_wrap.js:706:12)

npm manifest: 
  {
    "name": "notes",
    "version": "0.0.0",
    "description": "Notes shell",
    "main": "index.js",
    "repository": "git@gitlab.kroger.com:andyo/notes.git",
    "author": "Andy Orahoske <andy.orahoske@kroger.com>",
    "license": "UNLICENSED",
    "private": true,
    "scripts": {
      "sync": "note-utils sync"
    },
    "dependencies": {
      "@a-team/note-utils": "0.4.0-0",
      "prettier": "^2.1.1"
    }
  }

yarn manifest: 
  No manifest

Lockfile: 
  # THIS IS AN AUTOGENERATED FILE. DO NOT EDIT THIS FILE DIRECTLY.
  # yarn lockfile v1
  
  
  prettier@^2.1.1:
    version "2.1.1"
    resolved "https://artifactory.kroger.com/artifactory/api/npm/npm-repo/prettier/-/prettier-2.1.1.tgz#d9485dd5e499daa6cb547023b87a6cf51bee37d6"
    integrity sha1-2Uhd1eSZ2qbLVHAjuHps9RvuN9Y=
